running develop
running egg_info
creating main_package.egg-info
writing main_package.egg-info/PKG-INFO
writing dependency_links to main_package.egg-info/dependency_links.txt
writing entry points to main_package.egg-info/entry_points.txt
writing requirements to main_package.egg-info/requires.txt
writing top-level names to main_package.egg-info/top_level.txt
writing manifest file 'main_package.egg-info/SOURCES.txt'
reading manifest file 'main_package.egg-info/SOURCES.txt'
writing manifest file 'main_package.egg-info/SOURCES.txt'
running build_ext
Creating /serial/ros2_ws/install/main_package/lib/python3.10/site-packages/main-package.egg-link (link to .)
Installing main_node script to /serial/ros2_ws/install/main_package/lib/main_package

Installed /serial/ros2_ws/build/main_package
running install_data
creating /serial/ros2_ws/install/main_package/share/ament_index
creating /serial/ros2_ws/install/main_package/share/ament_index/resource_index
creating /serial/ros2_ws/install/main_package/share/ament_index/resource_index/packages
copying resource/main_package -> /serial/ros2_ws/install/main_package/share/ament_index/resource_index/packages
copying package.xml -> /serial/ros2_ws/install/main_package/share/main_package
