[1.077s] Invoking command in '/serial/ros2_ws/build/main_package': PYTHONPATH=/serial/ros2_ws/build/main_package/prefix_override:/serial/ros2_ws/install/main_package/lib/python3.10/site-packages:${PYTHONPATH} /usr/bin/python3 setup.py develop --editable --build-directory /serial/ros2_ws/build/main_package/build --no-deps install_data
[1.432s] running develop
[1.435s] /usr/lib/python3/dist-packages/setuptools/command/easy_install.py:158: EasyInstallDeprecationWarning: easy_install command is deprecated. Use build and pip and other standards-based tools.
[1.436s]   warnings.warn(
[1.438s] /usr/lib/python3/dist-packages/setuptools/command/install.py:34: SetuptoolsDeprecationWarning: setup.py install is deprecated. Use build and pip and other standards-based tools.
[1.438s]   warnings.warn(
[1.620s] running egg_info
[1.620s] creating main_package.egg-info
[1.620s] writing main_package.egg-info/PKG-INFO
[1.623s] writing dependency_links to main_package.egg-info/dependency_links.txt
[1.623s] writing entry points to main_package.egg-info/entry_points.txt
[1.624s] writing requirements to main_package.egg-info/requires.txt
[1.624s] writing top-level names to main_package.egg-info/top_level.txt
[1.625s] writing manifest file 'main_package.egg-info/SOURCES.txt'
[1.626s] reading manifest file 'main_package.egg-info/SOURCES.txt'
[1.627s] writing manifest file 'main_package.egg-info/SOURCES.txt'
[1.629s] running build_ext
[1.629s] Creating /serial/ros2_ws/install/main_package/lib/python3.10/site-packages/main-package.egg-link (link to .)
[1.630s] Installing main_node script to /serial/ros2_ws/install/main_package/lib/main_package
[1.631s] 
[1.631s] Installed /serial/ros2_ws/build/main_package
[1.631s] running install_data
[1.631s] creating /serial/ros2_ws/install/main_package/share/ament_index
[1.632s] creating /serial/ros2_ws/install/main_package/share/ament_index/resource_index
[1.632s] creating /serial/ros2_ws/install/main_package/share/ament_index/resource_index/packages
[1.632s] copying resource/main_package -> /serial/ros2_ws/install/main_package/share/ament_index/resource_index/packages
[1.632s] copying package.xml -> /serial/ros2_ws/install/main_package/share/main_package
[1.677s] Invoked command in '/serial/ros2_ws/build/main_package' returned '0': PYTHONPATH=/serial/ros2_ws/build/main_package/prefix_override:/serial/ros2_ws/install/main_package/lib/python3.10/site-packages:${PYTHONPATH} /usr/bin/python3 setup.py develop --editable --build-directory /serial/ros2_ws/build/main_package/build --no-deps install_data
